# JRE version: Java(TM) SE Runtime Environment (8.0_92-b14) (build 1.8.0_92-b14)
# Java VM: Java HotSpot(TM) 64-Bit Server VM (25.92-b14 mixed mode windows-amd64 compressed oops)
Heap:
 PSYoungGen      total 1856000K, used 748056K [0x0000000716180000, 0x00000007c0000000, 0x00000007c0000000)
  eden space 928256K, 1% used [0x0000000716180000,0x0000000716bb01a0,0x000000074ec00000)
  from space 927744K, 79% used [0x0000000787600000,0x00000007b4656080,0x00000007c0000000)
  to   space 927744K, 0% used [0x000000074ec00000,0x000000074ec00000,0x0000000787600000)
 ParOldGen       total 2297344K, used 1668421K [0x00000005c2400000, 0x000000064e780000, 0x0000000716180000)
  object space 2297344K, 72% used [0x00000005c2400000,0x0000000628151678,0x000000064e780000)
 Metaspace       used 76979K, capacity 77827K, committed 78380K, reserved 1116160K
  class space    used 10770K, capacity 10966K, committed 11136K, reserved 1048576K
GC Heap History (10 events):
Event: 302.230 GC heap before
{Heap before GC invocations=85 (full 7):
 PSYoungGen      total 2013696K, used 2013692K [0x0000000716180000, 0x00000007c0000000, 0x00000007c0000000)
  eden space 1423360K, 100% used [0x0000000716180000,0x000000076cf80000,0x000000076cf80000)
  from space 590336K, 99% used [0x000000076cf80000,0x0000000790fff150,0x0000000791000000)
  to   space 770048K, 0% used [0x0000000791000000,0x0000000791000000,0x00000007c0000000)
 ParOldGen       total 2297344K, used 1343061K [0x00000005c2400000, 0x000000064e780000, 0x0000000716180000)
  object space 2297344K, 58% used [0x00000005c2400000,0x0000000614395678,0x000000064e780000)
 Metaspace       used 76979K, capacity 77827K, committed 78380K, reserved 1116160K
  class space    used 10770K, capacity 10966K, committed 11136K, reserved 1048576K
Event: 303.528 GC heap after
Heap after GC invocations=85 (full 7):
 PSYoungGen      total 1698304K, used 770018K [0x0000000716180000, 0x00000007c0000000, 0x00000007c0000000)
  eden space 928256K, 0% used [0x0000000716180000,0x0000000716180000,0x000000074ec00000)
  from space 770048K, 99% used [0x0000000791000000,0x00000007bfff8aa0,0x00000007c0000000)
  to   space 927744K, 0% used [0x000000074ec00000,0x000000074ec00000,0x0000000787600000)
 ParOldGen       total 2297344K, used 1668421K [0x00000005c2400000, 0x000000064e780000, 0x0000000716180000)
  object space 2297344K, 72% used [0x00000005c2400000,0x0000000628151678,0x000000064e780000)
 Metaspace       used 76979K, capacity 77827K, committed 78380K, reserved 1116160K
  class space    used 10770K, capacity 10966K, committed 11136K, reserved 1048576K
}
Event: 315.262 GC heap before
{Heap before GC invocations=86 (full 7):
 PSYoungGen      total 1698304K, used 1698274K [0x0000000716180000, 0x00000007c0000000, 0x00000007c0000000)
  eden space 928256K, 100% used [0x0000000716180000,0x000000074ec00000,0x000000074ec00000)
  from space 770048K, 99% used [0x0000000791000000,0x00000007bfff8aa0,0x00000007c0000000)
  to   space 927744K, 0% used [0x000000074ec00000,0x000000074ec00000,0x0000000787600000)
 ParOldGen       total 2297344K, used 1668421K [0x00000005c2400000, 0x000000064e780000, 0x0000000716180000)
  object space 2297344K, 72% used [0x00000005c2400000,0x0000000628151678,0x000000064e780000)
 Metaspace       used 76979K, capacity 77827K, committed 78380K, reserved 1116160K
  class space    used 10770K, capacity 10966K, committed 11136K, reserved 1048576K
Event: 316.042 GC heap after
Heap after GC invocations=86 (full 7):
 PSYoungGen      total 1856000K, used 798378K [0x0000000716180000, 0x00000007c0000000, 0x00000007c0000000)
  eden space 928256K, 0% used [0x0000000716180000,0x0000000716180000,0x000000074ec00000)
  from space 927744K, 86% used [0x000000074ec00000,0x000000077f7aab40,0x0000000787600000)
  to   space 927744K, 0% used [0x0000000787600000,0x0000000787600000,0x00000007c0000000)
 ParOldGen       total 2297344K, used 1668421K [0x00000005c2400000, 0x000000064e780000, 0x0000000716180000)
  object space 2297344K, 72% used [0x00000005c2400000,0x0000000628151678,0x000000064e780000)
 Metaspace       used 76979K, capacity 77827K, committed 78380K, reserved 1116160K
  class space    used 10770K, capacity 10966K, committed 11136K, reserved 1048576K
}
Event: 322.159 GC heap before
{Heap before GC invocations=87 (full 7):
 PSYoungGen      total 1856000K, used 1726634K [0x0000000716180000, 0x00000007c0000000, 0x00000007c0000000)
  eden space 928256K, 100% used [0x0000000716180000,0x000000074ec00000,0x000000074ec00000)
  from space 927744K, 86% used [0x000000074ec00000,0x000000077f7aab40,0x0000000787600000)
  to   space 927744K, 0% used [0x0000000787600000,0x0000000787600000,0x00000007c0000000)
 ParOldGen       total 2297344K, used 1668421K [0x00000005c2400000, 0x000000064e780000, 0x0000000716180000)
  object space 2297344K, 72% used [0x00000005c2400000,0x0000000628151678,0x000000064e780000)
 Metaspace       used 76979K, capacity 77827K, committed 78380K, reserved 1116160K
  class space    used 10770K, capacity 10966K, committed 11136K, reserved 1048576K
Event: 322.991 GC heap after
Heap after GC invocations=87 (full 7):
 PSYoungGen      total 1856000K, used 838196K [0x0000000716180000, 0x00000007c0000000, 0x00000007c0000000)
  eden space 928256K, 0% used [0x0000000716180000,0x0000000716180000,0x000000074ec00000)
  from space 927744K, 90% used [0x0000000787600000,0x00000007ba88d360,0x00000007c0000000)
  to   space 927744K, 0% used [0x000000074ec00000,0x000000074ec00000,0x0000000787600000)
 ParOldGen       total 2297344K, used 1668421K [0x00000005c2400000, 0x000000064e780000, 0x0000000716180000)
  object space 2297344K, 72% used [0x00000005c2400000,0x0000000628151678,0x000000064e780000)
 Metaspace       used 76979K, capacity 77827K, committed 78380K, reserved 1116160K
  class space    used 10770K, capacity 10966K, committed 11136K, reserved 1048576K
}
Event: 332.120 GC heap before
{Heap before GC invocations=88 (full 7):
 PSYoungGen      total 1856000K, used 1766452K [0x0000000716180000, 0x00000007c0000000, 0x00000007c0000000)
  eden space 928256K, 100% used [0x0000000716180000,0x000000074ec00000,0x000000074ec00000)
  from space 927744K, 90% used [0x0000000787600000,0x00000007ba88d360,0x00000007c0000000)
  to   space 927744K, 0% used [0x000000074ec00000,0x000000074ec00000,0x0000000787600000)
 ParOldGen       total 2297344K, used 1668421K [0x00000005c2400000, 0x000000064e780000, 0x0000000716180000)
  object space 2297344K, 72% used [0x00000005c2400000,0x0000000628151678,0x000000064e780000)
 Metaspace       used 76979K, capacity 77827K, committed 78380K, reserved 1116160K
  class space    used 10770K, capacity 10966K, committed 11136K, reserved 1048576K
Event: 332.960 GC heap after
Heap after GC invocations=88 (full 7):
 PSYoungGen      total 1856000K, used 809513K [0x0000000716180000, 0x00000007c0000000, 0x00000007c0000000)
  eden space 928256K, 0% used [0x0000000716180000,0x0000000716180000,0x000000074ec00000)
  from space 927744K, 87% used [0x000000074ec00000,0x000000078028a438,0x0000000787600000)
  to   space 927744K, 0% used [0x0000000787600000,0x0000000787600000,0x00000007c0000000)
 ParOldGen       total 2297344K, used 1668421K [0x00000005c2400000, 0x000000064e780000, 0x0000000716180000)
  object space 2297344K, 72% used [0x00000005c2400000,0x0000000628151678,0x000000064e780000)
 Metaspace       used 76979K, capacity 77827K, committed 78380K, reserved 1116160K
  class space    used 10770K, capacity 10966K, committed 11136K, reserved 1048576K
}
Event: 356.224 GC heap before
{Heap before GC invocations=89 (full 7):
 PSYoungGen      total 1856000K, used 1737769K [0x0000000716180000, 0x00000007c0000000, 0x00000007c0000000)
  eden space 928256K, 100% used [0x0000000716180000,0x000000074ec00000,0x000000074ec00000)
  from space 927744K, 87% used [0x000000074ec00000,0x000000078028a438,0x0000000787600000)
  to   space 927744K, 0% used [0x0000000787600000,0x0000000787600000,0x00000007c0000000)
 ParOldGen       total 2297344K, used 1668421K [0x00000005c2400000, 0x000000064e780000, 0x0000000716180000)
  object space 2297344K, 72% used [0x00000005c2400000,0x0000000628151678,0x000000064e780000)
 Metaspace       used 76979K, capacity 77827K, committed 78380K, reserved 1116160K
  class space    used 10770K, capacity 10966K, committed 11136K, reserved 1048576K
Event: 357.081 GC heap after
Heap after GC invocations=89 (full 7):
 PSYoungGen      total 1856000K, used 737624K [0x0000000716180000, 0x00000007c0000000, 0x00000007c0000000)
  eden space 928256K, 0% used [0x0000000716180000,0x0000000716180000,0x000000074ec00000)
  from space 927744K, 79% used [0x0000000787600000,0x00000007b4656080,0x00000007c0000000)
  to   space 927744K, 0% used [0x000000074ec00000,0x000000074ec00000,0x0000000787600000)
 ParOldGen       total 2297344K, used 1668421K [0x00000005c2400000, 0x000000064e780000, 0x0000000716180000)
  object space 2297344K, 72% used [0x00000005c2400000,0x0000000628151678,0x000000064e780000)
 Metaspace       used 76979K, capacity 77827K, committed 78380K, reserved 1116160K
  class space    used 10770K, capacity 10966K, committed 11136K, reserved 1048576K
}

